  ofApp.cpp
c:\users\asian\desktop\of_v0.10.0_vs2017_release\of_v0.10.0_vs2017_release\apps\myapps\skeleton\src\ofapp.cpp(30): warning C4018: '<': signed/unsigned mismatch
c:\users\asian\desktop\of_v0.10.0_vs2017_release\of_v0.10.0_vs2017_release\apps\myapps\skeleton\src\ofapp.cpp(110): warning C4018: '<': signed/unsigned mismatch
c:\users\asian\desktop\of_v0.10.0_vs2017_release\of_v0.10.0_vs2017_release\apps\myapps\skeleton\src\ofapp.cpp(118): warning C4018: '<': signed/unsigned mismatch
c:\users\asian\desktop\of_v0.10.0_vs2017_release\of_v0.10.0_vs2017_release\apps\myapps\skeleton\src\ofapp.cpp(136): warning C4018: '<': signed/unsigned mismatch
c:\users\asian\desktop\of_v0.10.0_vs2017_release\of_v0.10.0_vs2017_release\apps\myapps\skeleton\src\ofapp.cpp(142): warning C4477: 'printf' : format string '%d' requires an argument of type 'int', but variadic argument 1 has type 'double'
c:\users\asian\desktop\of_v0.10.0_vs2017_release\of_v0.10.0_vs2017_release\apps\myapps\skeleton\src\ofapp.cpp(142): warning C4477: 'printf' : format string '%d' requires an argument of type 'int', but variadic argument 2 has type 'double'
c:\users\asian\desktop\of_v0.10.0_vs2017_release\of_v0.10.0_vs2017_release\apps\myapps\skeleton\src\ofapp.cpp(142): warning C4477: 'printf' : format string '%d' requires an argument of type 'int', but variadic argument 3 has type 'double'
c:\users\asian\desktop\of_v0.10.0_vs2017_release\of_v0.10.0_vs2017_release\apps\myapps\skeleton\src\ofapp.cpp(154): warning C4477: 'fprintf_s' : format string '%s' requires an argument of type 'char *', but variadic argument 8 has type 'int'
c:\users\asian\desktop\of_v0.10.0_vs2017_release\of_v0.10.0_vs2017_release\apps\myapps\skeleton\src\ofapp.cpp(134): warning C4996: 'fopen': This function or variable may be unsafe. Consider using fopen_s instead. To disable deprecation, use _CRT_SECURE_NO_WARNINGS. See online help for details.
  c:\program files (x86)\windows kits\10\include\10.0.17134.0\ucrt\stdio.h(208): note: see declaration of 'fopen'
c:\users\asian\desktop\of_v0.10.0_vs2017_release\of_v0.10.0_vs2017_release\apps\myapps\skeleton\src\ofapp.cpp(209): warning C4018: '<': signed/unsigned mismatch
c:\users\asian\desktop\of_v0.10.0_vs2017_release\of_v0.10.0_vs2017_release\apps\myapps\skeleton\src\ofapp.cpp(164): warning C4996: 'fopen': This function or variable may be unsafe. Consider using fopen_s instead. To disable deprecation, use _CRT_SECURE_NO_WARNINGS. See online help for details.
  c:\program files (x86)\windows kits\10\include\10.0.17134.0\ucrt\stdio.h(208): note: see declaration of 'fopen'
c:\users\asian\desktop\of_v0.10.0_vs2017_release\of_v0.10.0_vs2017_release\apps\myapps\skeleton\src\ofapp.cpp(182): warning C4996: 'fscanf': This function or variable may be unsafe. Consider using fscanf_s instead. To disable deprecation, use _CRT_SECURE_NO_WARNINGS. See online help for details.
  c:\program files (x86)\windows kits\10\include\10.0.17134.0\ucrt\stdio.h(1197): note: see declaration of 'fscanf'
c:\users\asian\desktop\of_v0.10.0_vs2017_release\of_v0.10.0_vs2017_release\apps\myapps\skeleton\src\ofapp.cpp(363): warning C4018: '<': signed/unsigned mismatch
c:\users\asian\desktop\of_v0.10.0_vs2017_release\of_v0.10.0_vs2017_release\apps\myapps\skeleton\src\ofapp.cpp(370): warning C4018: '<': signed/unsigned mismatch
c:\users\asian\desktop\of_v0.10.0_vs2017_release\of_v0.10.0_vs2017_release\apps\myapps\skeleton\src\ofapp.cpp(456): warning C4018: '<': signed/unsigned mismatch
c:\users\asian\desktop\of_v0.10.0_vs2017_release\of_v0.10.0_vs2017_release\apps\myapps\skeleton\src\ofapp.cpp(474): warning C4018: '<': signed/unsigned mismatch
  Skeleton.vcxproj -> C:\Users\asian\Desktop\of_v0.10.0_vs2017_release\of_v0.10.0_vs2017_release\apps\myApps\Skeleton\bin\Skeleton_debug.exe
  
  	                   2	C:\Users\asian\Desktop\of_v0.10.0_vs2017_release\of_v0.10.0_vs2017_release\libs\fmodex\lib\vs\Win32\
  	  *EXTRA File 		 3523584	C:\Users\asian\Desktop\of_v0.10.0_vs2017_release\of_v0.10.0_vs2017_release\apps\myApps\Skeleton\bin\assimp32.dll
  	  *EXTRA File 		 4323840	C:\Users\asian\Desktop\of_v0.10.0_vs2017_release\of_v0.10.0_vs2017_release\apps\myApps\Skeleton\bin\assimp64.dll
  	  *EXTRA File 		 5647872	C:\Users\asian\Desktop\of_v0.10.0_vs2017_release\of_v0.10.0_vs2017_release\apps\myApps\Skeleton\bin\FreeImage.dll
  
  	                   1	C:\Users\asian\Desktop\of_v0.10.0_vs2017_release\of_v0.10.0_vs2017_release\libs\FreeImage\lib\vs\Win32\
  	  *EXTRA File 		 3523584	C:\Users\asian\Desktop\of_v0.10.0_vs2017_release\of_v0.10.0_vs2017_release\apps\myApps\Skeleton\bin\assimp32.dll
  	  *EXTRA File 		 4323840	C:\Users\asian\Desktop\of_v0.10.0_vs2017_release\of_v0.10.0_vs2017_release\apps\myApps\Skeleton\bin\assimp64.dll
  	  *EXTRA File 		 1266176	C:\Users\asian\Desktop\of_v0.10.0_vs2017_release\of_v0.10.0_vs2017_release\apps\myApps\Skeleton\bin\fmodex.dll
  	  *EXTRA File 		 1312768	C:\Users\asian\Desktop\of_v0.10.0_vs2017_release\of_v0.10.0_vs2017_release\apps\myApps\Skeleton\bin\fmodexL.dll
